<?xml version="1.0" encoding="UTF-8"?>
<coverage generated="1652727107">
  <project timestamp="1652727107">
    <file name="/Users/michaelbrauner/Bundles/Symfony/LocalizedRoutesBundle/src/DependencyInjection/LocalizedRoutesExtension.php">
      <class name="Braunstetter\LocalizedRoutes\DependencyInjection\LocalizedRoutesExtension" namespace="global">
        <metrics complexity="1" methods="1" coveredmethods="1" conditionals="0" coveredconditionals="0" statements="2" coveredstatements="2" elements="3" coveredelements="3"/>
      </class>
      <line num="15" type="method" name="load" visibility="public" complexity="1" crap="1" count="4"/>
      <line num="17" type="stmt" count="4"/>
      <line num="18" type="stmt" count="4"/>
      <metrics loc="20" ncloc="16" classes="1" methods="1" coveredmethods="1" conditionals="0" coveredconditionals="0" statements="2" coveredstatements="2" elements="3" coveredelements="3"/>
    </file>
    <file name="/Users/michaelbrauner/Bundles/Symfony/LocalizedRoutesBundle/src/EventSubscriber/LocaleRewriteSubscriber.php">
      <class name="Braunstetter\LocalizedRoutes\EventSubscriber\LocaleRewriteSubscriber" namespace="global">
        <metrics complexity="11" methods="4" coveredmethods="4" conditionals="0" coveredconditionals="0" statements="20" coveredstatements="20" elements="24" coveredelements="24"/>
      </class>
      <line num="22" type="method" name="__construct" visibility="public" complexity="1" crap="1" count="3"/>
      <line num="24" type="stmt" count="3"/>
      <line num="25" type="stmt" count="3"/>
      <line num="26" type="stmt" count="3"/>
      <line num="29" type="method" name="onKernelRequest" visibility="public" complexity="8" crap="8" count="3"/>
      <line num="31" type="stmt" count="3"/>
      <line num="32" type="stmt" count="3"/>
      <line num="34" type="stmt" count="3"/>
      <line num="36" type="stmt" count="3"/>
      <line num="38" type="stmt" count="3"/>
      <line num="40" type="stmt" count="3"/>
      <line num="41" type="stmt" count="2"/>
      <line num="42" type="stmt" count="2"/>
      <line num="47" type="stmt" count="3"/>
      <line num="50" type="stmt" count="2"/>
      <line num="53" type="stmt" count="2"/>
      <line num="54" type="stmt" count="1"/>
      <line num="57" type="stmt" count="2"/>
      <line num="63" type="method" name="isLocaleSupported" visibility="public" complexity="1" crap="1" count="2"/>
      <line num="65" type="stmt" count="2"/>
      <line num="66" type="stmt" count="2"/>
      <line num="69" type="stmt" count="2"/>
      <line num="72" type="method" name="getSubscribedEvents" visibility="public" complexity="1" crap="1" count="3"/>
      <line num="75" type="stmt" count="3"/>
      <metrics loc="78" ncloc="73" classes="1" methods="4" coveredmethods="4" conditionals="0" coveredconditionals="0" statements="20" coveredstatements="20" elements="24" coveredelements="24"/>
    </file>
    <file name="/Users/michaelbrauner/Bundles/Symfony/LocalizedRoutesBundle/src/LocalizedRoutesBundle.php">
      <class name="Braunstetter\LocalizedRoutes\LocalizedRoutesBundle" namespace="global">
        <metrics complexity="1" methods="1" coveredmethods="1" conditionals="0" coveredconditionals="0" statements="1" coveredstatements="1" elements="2" coveredelements="2"/>
      </class>
      <line num="10" type="method" name="getContainerExtension" visibility="public" complexity="1" crap="1" count="3"/>
      <line num="12" type="stmt" count="3"/>
      <metrics loc="14" ncloc="14" classes="1" methods="1" coveredmethods="1" conditionals="0" coveredconditionals="0" statements="1" coveredstatements="1" elements="2" coveredelements="2"/>
    </file>
    <metrics files="3" loc="112" ncloc="103" classes="3" methods="6" coveredmethods="6" conditionals="0" coveredconditionals="0" statements="23" coveredstatements="23" elements="29" coveredelements="29"/>
  </project>
</coverage>
