<?xml version="1.0" encoding="UTF-8"?>
<coverage generated="1653138681">
  <project timestamp="1653138681">
    <file name="/Users/michaelbrauner/Bundles/Symfony/LocalizedRoutesBundle/src/DependencyInjection/Compiler/CompilerPass.php">
      <class name="Braunstetter\LocalizedRoutes\DependencyInjection\Compiler\CompilerPass" namespace="global">
        <metrics complexity="7" methods="2" coveredmethods="2" conditionals="0" coveredconditionals="0" statements="16" coveredstatements="16" elements="18" coveredelements="18"/>
      </class>
      <line num="12" type="method" name="process" visibility="public" complexity="4" crap="4" count="2"/>
      <line num="15" type="stmt" count="2"/>
      <line num="16" type="stmt" count="1"/>
      <line num="19" type="stmt" count="1"/>
      <line num="20" type="stmt" count="1"/>
      <line num="21" type="stmt" count="1"/>
      <line num="23" type="stmt" count="1"/>
      <line num="24" type="stmt" count="1"/>
      <line num="27" type="stmt" count="1"/>
      <line num="28" type="stmt" count="1"/>
      <line num="29" type="stmt" count="1"/>
      <line num="33" type="method" name="getConfigValue" visibility="private" complexity="3" crap="3" count="1"/>
      <line num="35" type="stmt" count="1"/>
      <line num="37" type="stmt" count="1"/>
      <line num="38" type="stmt" count="1"/>
      <line num="39" type="stmt" count="1"/>
      <line num="40" type="stmt" count="1"/>
      <line num="44" type="stmt" count="1"/>
      <metrics loc="46" ncloc="46" classes="1" methods="2" coveredmethods="2" conditionals="0" coveredconditionals="0" statements="16" coveredstatements="16" elements="18" coveredelements="18"/>
    </file>
    <file name="/Users/michaelbrauner/Bundles/Symfony/LocalizedRoutesBundle/src/DependencyInjection/LocalizedRoutesExtension.php">
      <class name="Braunstetter\LocalizedRoutes\DependencyInjection\LocalizedRoutesExtension" namespace="global">
        <metrics complexity="1" methods="1" coveredmethods="1" conditionals="0" coveredconditionals="0" statements="2" coveredstatements="2" elements="3" coveredelements="3"/>
      </class>
      <line num="15" type="method" name="load" visibility="public" complexity="1" crap="1" count="1"/>
      <line num="17" type="stmt" count="1"/>
      <line num="18" type="stmt" count="1"/>
      <metrics loc="20" ncloc="16" classes="1" methods="1" coveredmethods="1" conditionals="0" coveredconditionals="0" statements="2" coveredstatements="2" elements="3" coveredelements="3"/>
    </file>
    <file name="/Users/michaelbrauner/Bundles/Symfony/LocalizedRoutesBundle/src/EventSubscriber/LocaleRewriteSubscriber.php">
      <class name="Braunstetter\LocalizedRoutes\EventSubscriber\LocaleRewriteSubscriber" namespace="global">
        <metrics complexity="15" methods="8" coveredmethods="8" conditionals="0" coveredconditionals="0" statements="25" coveredstatements="25" elements="33" coveredelements="33"/>
      </class>
      <line num="24" type="method" name="__construct" visibility="public" complexity="1" crap="1" count="5"/>
      <line num="26" type="stmt" count="5"/>
      <line num="27" type="stmt" count="5"/>
      <line num="28" type="stmt" count="5"/>
      <line num="31" type="method" name="onKernelRequest" visibility="public" complexity="4" crap="4" count="4"/>
      <line num="33" type="stmt" count="4"/>
      <line num="34" type="stmt" count="4"/>
      <line num="35" type="stmt" count="4"/>
      <line num="37" type="stmt" count="4"/>
      <line num="40" type="stmt" count="3"/>
      <line num="43" type="stmt" count="3"/>
      <line num="44" type="stmt" count="2"/>
      <line num="47" type="stmt" count="3"/>
      <line num="48" type="stmt" count="2"/>
      <line num="54" type="method" name="isLocaleSupported" visibility="private" complexity="3" crap="3" count="4"/>
      <line num="57" type="stmt" count="4"/>
      <line num="58" type="stmt" count="1"/>
      <line num="61" type="stmt" count="3"/>
      <line num="62" type="stmt" count="2"/>
      <line num="65" type="stmt" count="1"/>
      <line num="68" type="method" name="getPreferredLanguage" visibility="private" complexity="2" crap="2" count="3"/>
      <line num="70" type="stmt" count="3"/>
      <line num="73" type="method" name="routeExists" visibility="private" complexity="1" crap="1" count="4"/>
      <line num="75" type="stmt" count="4"/>
      <line num="76" type="stmt" count="4"/>
      <line num="80" type="method" name="getDefaultLocale" visibility="private" complexity="2" crap="2" count="2"/>
      <line num="82" type="stmt" count="2"/>
      <line num="85" type="method" name="getSubscribedEvents" visibility="public" complexity="1" crap="1" count="1"/>
      <line num="88" type="stmt" count="1"/>
      <line num="92" type="method" name="isLocaleEnabled" visibility="private" complexity="1" crap="1" count="2"/>
      <line num="94" type="stmt" count="2"/>
      <line num="95" type="stmt" count="2"/>
      <line num="98" type="stmt" count="2"/>
      <metrics loc="101" ncloc="99" classes="1" methods="8" coveredmethods="8" conditionals="0" coveredconditionals="0" statements="25" coveredstatements="25" elements="33" coveredelements="33"/>
    </file>
    <file name="/Users/michaelbrauner/Bundles/Symfony/LocalizedRoutesBundle/src/LocalizedRoutesBundle.php">
      <class name="Braunstetter\LocalizedRoutes\LocalizedRoutesBundle" namespace="global">
        <metrics complexity="2" methods="2" coveredmethods="2" conditionals="0" coveredconditionals="0" statements="3" coveredstatements="3" elements="5" coveredelements="5"/>
      </class>
      <line num="12" type="method" name="getContainerExtension" visibility="public" complexity="1" crap="1" count="1"/>
      <line num="14" type="stmt" count="1"/>
      <line num="17" type="method" name="build" visibility="public" complexity="1" crap="1" count="1"/>
      <line num="19" type="stmt" count="1"/>
      <line num="20" type="stmt" count="1"/>
      <metrics loc="24" ncloc="24" classes="1" methods="2" coveredmethods="2" conditionals="0" coveredconditionals="0" statements="3" coveredstatements="3" elements="5" coveredelements="5"/>
    </file>
    <metrics files="4" loc="191" ncloc="185" classes="4" methods="13" coveredmethods="13" conditionals="0" coveredconditionals="0" statements="46" coveredstatements="46" elements="59" coveredelements="59"/>
  </project>
</coverage>
